<?xml version="1.0" encoding="UTF-8"?>
<!-- Generated by org.testng.reporters.JUnitXMLReporter -->
<testsuite hostname="abc-PC" ignored="15" name="Default test" tests="1" failures="0" timestamp="21 Sep 2020 04:50:23 GMT" time="91.093" errors="0">
  <testcase name="verifyHomePage" time="0.038" classname="com.ijmeet.functional_test.HomePageTest"/>
  <testcase name="isContactClickableTest" time="0.0" classname="com.ijmeet.functional_test.HomePageTest">
    <ignored/>
  </testcase> <!-- isContactClickableTest -->
  <testcase name="isSignUpButtonVisibleAndClickableTest" time="0.0" classname="com.ijmeet.functional_test.HomePageTest">
    <ignored/>
  </testcase> <!-- isSignUpButtonVisibleAndClickableTest -->
  <testcase name="isJoinMeetingClickableTest" time="0.0" classname="com.ijmeet.functional_test.HomePageTest">
    <ignored/>
  </testcase> <!-- isJoinMeetingClickableTest -->
  <testcase name="isContactSalesVisibleTest" time="0.0" classname="com.ijmeet.functional_test.HomePageTest">
    <ignored/>
  </testcase> <!-- isContactSalesVisibleTest -->
  <testcase name="isAndroidButtonVisibleTest" time="0.0" classname="com.ijmeet.functional_test.HomePageTest">
    <ignored/>
  </testcase> <!-- isAndroidButtonVisibleTest -->
  <testcase name="isLanguageButtonVisibleTest" time="0.0" classname="com.ijmeet.functional_test.HomePageTest">
    <ignored/>
  </testcase> <!-- isLanguageButtonVisibleTest -->
  <testcase name="isHostMeetingVisibleTest" time="0.0" classname="com.ijmeet.functional_test.HomePageTest">
    <ignored/>
  </testcase> <!-- isHostMeetingVisibleTest -->
  <testcase name="isSignInButtonClickableTest" time="0.0" classname="com.ijmeet.functional_test.HomePageTest">
    <ignored/>
  </testcase> <!-- isSignInButtonClickableTest -->
  <testcase name="isLogoClickableTest" time="0.0" classname="com.ijmeet.functional_test.HomePageTest">
    <ignored/>
  </testcase> <!-- isLogoClickableTest -->
  <testcase name="isJoinMeetingVisibleTest" time="0.0" classname="com.ijmeet.functional_test.HomePageTest">
    <ignored/>
  </testcase> <!-- isJoinMeetingVisibleTest -->
  <testcase name="isAppleLinkVisibleAndClickableTest" time="0.0" classname="com.ijmeet.functional_test.HomePageTest">
    <ignored/>
  </testcase> <!-- isAppleLinkVisibleAndClickableTest -->
  <testcase name="isLogoVisibleTest" time="0.0" classname="com.ijmeet.functional_test.HomePageTest">
    <ignored/>
  </testcase> <!-- isLogoVisibleTest -->
  <testcase name="isWindowLinkVisibleAndClickableTest" time="0.0" classname="com.ijmeet.functional_test.HomePageTest">
    <ignored/>
  </testcase> <!-- isWindowLinkVisibleAndClickableTest -->
  <testcase name="isSignInButtonVisibleTest" time="0.0" classname="com.ijmeet.functional_test.HomePageTest">
    <ignored/>
  </testcase> <!-- isSignInButtonVisibleTest -->
  <testcase name="isHostMeetingClickableTest" time="0.0" classname="com.ijmeet.functional_test.HomePageTest">
    <ignored/>
  </testcase> <!-- isHostMeetingClickableTest -->
</testsuite> <!-- Default test -->
